\BOOKMARK [0][-]{chapter*.1}{\376\377\000S\000u\000m\000m\000a\000r\000y}{}% 1
\BOOKMARK [0][-]{chapter*.2}{\376\377\000L\000i\000s\000t\000\040\000o\000f\000\040\000F\000i\000g\000u\000r\000e\000s}{}% 2
\BOOKMARK [0][-]{chapter*.3}{\376\377\000I\000n\000t\000r\000o\000d\000u\000c\000t\000i\000o\000n}{}% 3
\BOOKMARK [1][-]{section*.4}{\376\377\000G\000\351\000n\000\351\000r\000a\000l\000i\000t\000\351\000s}{chapter*.3}% 4
\BOOKMARK [2][-]{section*.5}{\376\377\000T\000i\000t\000r\000e\000\040\000s\000u\000b\000s\000e\000c\000t\000i\000o\000n\000\040\0001}{section*.4}% 5
\BOOKMARK [2][-]{section*.6}{\376\377\000T\000i\000t\000r\000e\000\040\000s\000u\000b\000s\000e\000c\000t\000i\000o\000n\000\040\0002}{section*.4}% 6
\BOOKMARK [1][-]{section*.8}{\376\377\000M\000o\000n\000\040\000b\000o\000u\000l\000o\000t\000\040\000\340\000\040\000m\000o\000i}{chapter*.3}% 7
\BOOKMARK [1][-]{section*.11}{\376\377\000P\000l\000a\000n}{chapter*.3}% 8
\BOOKMARK [0][-]{chapter.1}{\376\377\000P\000r\000e\000m\000i\000e\000r\000\040\000c\000h\000a\000p\000i\000t\000r\000e}{}% 9
\BOOKMARK [1][-]{section.1.1}{\376\377\000U\000n\000\040\000p\000e\000u\000\040\000d\000e\000\040\000m\000a\000t\000h\000s}{chapter.1}% 10
\BOOKMARK [1][-]{section.1.2}{\376\377\000Q\000u\000e\000l\000q\000u\000e\000s\000\040\000i\000t\000e\000m\000s}{chapter.1}% 11
\BOOKMARK [2][-]{subsection.1.2.1}{\376\377\000T\000i\000t\000r\000e\000\040\000s\000u\000b\000s\000e\000c\000t\000i\000o\000n\000\040\0001}{section.1.2}% 12
\BOOKMARK [2][-]{subsection.1.2.2}{\376\377\000T\000i\000t\000r\000e\000\040\000s\000u\000b\000s\000e\000c\000t\000i\000o\000n\000\040\0002}{section.1.2}% 13
\BOOKMARK [0][-]{chapter.2}{\376\377\000D\000e\000u\000x\000i\000\350\000m\000e\000\040\000c\000h\000a\000p\000i\000t\000r\000e}{}% 14
\BOOKMARK [1][-]{section.2.1}{\376\377\000T\000i\000t\000r\000e\000\040\000s\000e\000c\000t\000i\000o\000n\000\040\0001\000\040\000\050\000s\000e\000c\000o\000n\000d\000\040\000c\000h\000a\000p\000i\000t\000r\000e\000\051}{chapter.2}% 15
\BOOKMARK [1][-]{section.2.2}{\376\377\000D\000e\000s\000\040\000c\000o\000d\000e\000s}{chapter.2}% 16
\BOOKMARK [2][-]{subsection.2.2.1}{\376\377\000J\000a\000v\000a}{section.2.2}% 17
\BOOKMARK [2][-]{subsection.2.2.2}{\376\377\000C\000o\000d\000e\000\040\000P\000y\000t\000h\000o\000n}{section.2.2}% 18
\BOOKMARK [2][-]{subsection.2.2.3}{\376\377\000C\000o\000d\000e\000\040\000R\000\040\000\050\000m\000a\000t\000h\000s\000\051}{section.2.2}% 19
\BOOKMARK [2][-]{subsection.2.2.4}{\376\377\000C\000o\000d\000e\000\040\000s\000o\000u\000r\000c\000e\000\040\000s\000a\000n\000s\000\040\000f\000o\000r\000m\000a\000t\000a\000g\000e}{section.2.2}% 20
\BOOKMARK [0][-]{chapter.3}{\376\377\000T\000r\000o\000i\000s\000i\000\350\000m\000e\000\040\000c\000h\000a\000p\000i\000t\000r\000e}{}% 21
\BOOKMARK [1][-]{section.3.1}{\376\377\000T\000i\000t\000r\000e\000\040\000s\000e\000c\000t\000i\000o\000n\000\040\0001\000\040\000\050\000t\000h\000i\000r\000d\000\040\000c\000h\000a\000p\000i\000t\000r\000e\000\051}{chapter.3}% 22
\BOOKMARK [1][-]{section.3.2}{\376\377\000T\000i\000t\000r\000e\000\040\000s\000e\000c\000t\000i\000o\000n\000\040\0002\000\040\000\050\000t\000h\000i\000r\000d\000\040\000c\000h\000a\000p\000i\000t\000r\000e\000\051}{chapter.3}% 23
\BOOKMARK [2][-]{subsection.3.2.1}{\376\377\000T\000i\000t\000r\000e\000\040\000s\000u\000b\000s\000e\000c\000t\000i\000o\000n\000\040\0001}{section.3.2}% 24
\BOOKMARK [2][-]{subsection.3.2.2}{\376\377\000T\000i\000t\000r\000e\000\040\000s\000u\000b\000s\000e\000c\000t\000i\000o\000n\000\040\0002}{section.3.2}% 25
\BOOKMARK [0][-]{chapter*.22}{\376\377\000C\000o\000n\000c\000l\000u\000s\000i\000o\000n}{}% 26
\BOOKMARK [1][-]{section*.23}{\376\377\000R\000\351\000s\000u\000m\000\351\000\040\000d\000e\000s\000\040\000c\000o\000n\000t\000r\000i\000b\000u\000t\000i\000o\000n\000s}{chapter*.22}% 27
\BOOKMARK [2][-]{section*.24}{\376\377\000A\000n\000a\000l\000y\000s\000e}{section*.23}% 28
\BOOKMARK [2][-]{section*.25}{\376\377\000R\000e\000m\000a\000r\000q\000u\000e\000s}{section*.23}% 29
\BOOKMARK [1][-]{section*.26}{\376\377\000T\000r\000a\000v\000a\000u\000x\000\040\000f\000u\000t\000u\000r\000s}{chapter*.22}% 30
\BOOKMARK [0][-]{section*.26}{\376\377\000B\000i\000b\000l\000i\000o\000g\000r\000a\000p\000h\000y}{}% 31
\BOOKMARK [0][-]{section*.27}{\376\377\000G\000l\000o\000s\000s\000a\000r\000y}{}% 32
\BOOKMARK [0][-]{section*.29}{\376\377\000A\000c\000r\000o\000n\000y\000m\000s}{}% 33
\BOOKMARK [0][-]{appendix.A}{\376\377\000P\000r\000e\000m\000i\000\350\000r\000e\000\040\000a\000n\000n\000e\000x\000e}{}% 34
\BOOKMARK [1][-]{section.A.1}{\376\377\000T\000i\000t\000r\000e\000\040\000s\000e\000c\000t\000i\000o\000n\000\040\0001}{appendix.A}% 35
\BOOKMARK [1][-]{section.A.2}{\376\377\000T\000i\000t\000r\000e\000\040\000s\000e\000c\000t\000i\000o\000n\000\040\0002}{appendix.A}% 36
\BOOKMARK [2][-]{subsection.A.2.1}{\376\377\000T\000i\000t\000r\000e\000\040\000s\000u\000b\000s\000e\000c\000t\000i\000o\000n\000\040\0001}{section.A.2}% 37
\BOOKMARK [2][-]{subsection.A.2.2}{\376\377\000T\000i\000t\000r\000e\000\040\000s\000u\000b\000s\000e\000c\000t\000i\000o\000n\000\040\0002}{section.A.2}% 38
\BOOKMARK [0][-]{appendix.B}{\376\377\000D\000e\000u\000x\000i\000\350\000m\000e\000\040\000a\000n\000n\000e\000x\000e}{}% 39
\BOOKMARK [1][-]{section.B.1}{\376\377\000T\000i\000t\000r\000e\000\040\000s\000e\000c\000t\000i\000o\000n\000\040\0001}{appendix.B}% 40
\BOOKMARK [1][-]{section.B.2}{\376\377\000T\000i\000t\000r\000e\000\040\000s\000e\000c\000t\000i\000o\000n\000\040\0002}{appendix.B}% 41
\BOOKMARK [2][-]{subsection.B.2.1}{\376\377\000T\000i\000t\000r\000e\000\040\000s\000u\000b\000s\000e\000c\000t\000i\000o\000n\000\040\0001}{section.B.2}% 42
\BOOKMARK [2][-]{subsection.B.2.2}{\376\377\000T\000i\000t\000r\000e\000\040\000s\000u\000b\000s\000e\000c\000t\000i\000o\000n\000\040\0002}{section.B.2}% 43
